c:\users\piotrek\documents\visual studio 2015\projects\all_podroz\all_podroz\release\vc140.pdb
c:\users\piotrek\documents\visual studio 2015\projects\all_podroz\all_podroz\release\stringsplitter.obj
c:\users\piotrek\documents\visual studio 2015\projects\all_podroz\all_podroz\release\roadhasher.obj
c:\users\piotrek\documents\visual studio 2015\projects\all_podroz\all_podroz\release\road.obj
c:\users\piotrek\documents\visual studio 2015\projects\all_podroz\all_podroz\release\pathfinder.obj
c:\users\piotrek\documents\visual studio 2015\projects\all_podroz\all_podroz\release\path.obj
c:\users\piotrek\documents\visual studio 2015\projects\all_podroz\all_podroz\release\main.obj
c:\users\piotrek\documents\visual studio 2015\projects\all_podroz\all_podroz\release\heap.obj
c:\users\piotrek\documents\visual studio 2015\projects\all_podroz\all_podroz\release\generator.obj
c:\users\piotrek\documents\visual studio 2015\projects\all_podroz\all_podroz\release\city.obj
c:\users\piotrek\documents\visual studio 2015\projects\all_podroz\release\aal_podroz.exe
c:\users\piotrek\documents\visual studio 2015\projects\all_podroz\release\aal_podroz.ipdb
c:\users\piotrek\documents\visual studio 2015\projects\all_podroz\release\aal_podroz.iobj
c:\users\piotrek\documents\visual studio 2015\projects\all_podroz\release\aal_podroz.pdb
c:\users\piotrek\documents\visual studio 2015\projects\all_podroz\all_podroz\release\aal_podroz.tlog\cl.command.1.tlog
c:\users\piotrek\documents\visual studio 2015\projects\all_podroz\all_podroz\release\aal_podroz.tlog\cl.read.1.tlog
c:\users\piotrek\documents\visual studio 2015\projects\all_podroz\all_podroz\release\aal_podroz.tlog\cl.write.1.tlog
c:\users\piotrek\documents\visual studio 2015\projects\all_podroz\all_podroz\release\aal_podroz.tlog\link.command.1.tlog
c:\users\piotrek\documents\visual studio 2015\projects\all_podroz\all_podroz\release\aal_podroz.tlog\link.read.1.tlog
c:\users\piotrek\documents\visual studio 2015\projects\all_podroz\all_podroz\release\aal_podroz.tlog\link.write.1.tlog
